#
# There is insufficient memory for the Java Runtime Environment to continue.
# Native memory allocation (malloc) failed to allocate 145648 bytes for Chunk::new
# Possible reasons:
#   The system is out of physical RAM or swap space
#   In 32 bit mode, the process size limit was hit
# Possible solutions:
#   Reduce memory load on the system
#   Increase physical memory or swap space
#   Check if swap backing store is full
#   Use 64 bit Java on a 64 bit OS
#   Decrease Java heap size (-Xmx/-Xms)
#   Decrease number of Java threads
#   Decrease Java thread stack sizes (-Xss)
#   Set larger code cache with -XX:ReservedCodeCacheSize=
# This output file may be truncated or incomplete.
#
#  Out of Memory Error (allocation.cpp:390), pid=5808, tid=5232
#
# JRE version: Java(TM) SE Runtime Environment (8.0_45-b15) (build 1.8.0_45-b15)
# Java VM: Java HotSpot(TM) 64-Bit Server VM (25.45-b02 mixed mode windows-amd64 compressed oops)
# Failed to write core dump. Minidumps are not enabled by default on client versions of Windows
#

---------------  T H R E A D  ---------------

Current thread (0x0000000014c6b800):  JavaThread "C2 CompilerThread0" daemon [_thread_in_native, id=5232, stack(0x00000000161c0000,0x00000000162c0000)]

Stack: [0x00000000161c0000,0x00000000162c0000]
Native frames: (J=compiled Java code, j=interpreted, Vv=VM code, C=native code)
V  [jvm.dll+0x32b57a]


Current CompileTask:
C2:   6718 1769 %     4       com.android.dx.ssa.SCCP::run @ 93 (298 bytes)


---------------  P R O C E S S  ---------------

Java Threads: ( => current thread )
  0x0000000014ccd800 JavaThread "Service Thread" daemon [_thread_blocked, id=192, stack(0x00000000168c0000,0x00000000169c0000)]
  0x0000000014cca000 JavaThread "C1 CompilerThread2" daemon [_thread_blocked, id=796, stack(0x00000000163c0000,0x00000000164c0000)]
  0x0000000014cc7000 JavaThread "C2 CompilerThread1" daemon [_thread_in_native, id=5392, stack(0x00000000162c0000,0x00000000163c0000)]
=>0x0000000014c6b800 JavaThread "C2 CompilerThread0" daemon [_thread_in_native, id=5232, stack(0x00000000161c0000,0x00000000162c0000)]
  0x0000000014c69800 JavaThread "Attach Listener" daemon [_thread_blocked, id=6552, stack(0x00000000160c0000,0x00000000161c0000)]
  0x0000000014c68800 JavaThread "Signal Dispatcher" daemon [_thread_blocked, id=7548, stack(0x0000000015fc0000,0x00000000160c0000)]
  0x0000000002597000 JavaThread "Finalizer" daemon [_thread_blocked, id=4308, stack(0x0000000015ec0000,0x0000000015fc0000)]
  0x000000000258d000 JavaThread "Reference Handler" daemon [_thread_blocked, id=9200, stack(0x0000000015dc0000,0x0000000015ec0000)]
  0x00000000024a0800 JavaThread "main" [_thread_in_Java, id=6012, stack(0x00000000022d0000,0x00000000023d0000)]

Other Threads:
  0x0000000014c37800 VMThread [stack: 0x0000000015cc0000,0x0000000015dc0000] [id=4384]
  0x0000000014cce000 WatcherThread [stack: 0x00000000169c0000,0x0000000016ac0000] [id=5972]

VM state:not at safepoint (normal execution)

VM Mutex/Monitor currently owned by a thread: None

Heap:
 PSYoungGen      total 71680K, used 63846K [0x00000000eab00000, 0x00000000ef600000, 0x0000000100000000)
  eden space 66560K, 88% used [0x00000000eab00000,0x00000000ee45ff68,0x00000000eec00000)
  from space 5120K, 99% used [0x00000000ef100000,0x00000000ef5f9c78,0x00000000ef600000)
  to   space 5120K, 0% used [0x00000000eec00000,0x00000000eec00000,0x00000000ef100000)
 ParOldGen       total 87552K, used 7020K [0x00000000c0000000, 0x00000000c5580000, 0x00000000eab00000)
  object space 87552K, 8% used [0x00000000c0000000,0x00000000c06db388,0x00000000c5580000)
 Metaspace       used 5841K, capacity 7088K, committed 7296K, reserved 1056768K
  class space    used 549K, capacity 616K, committed 640K, reserved 1048576K

Card table byte_map: [0x0000000011960000,0x0000000011b70000] byte_map_base: 0x0000000011360000

Marking Bits: (ParMarkBitMap*) 0x000000005ff94040
 Begin Bits: [0x00000000120d0000, 0x00000000130d0000)
 End Bits:   [0x00000000130d0000, 0x00000000140d0000)

Polling page: 0x0000000000b50000

CodeCache: size=245760Kb used=8654Kb max_used=8703Kb free=237105Kb
 bounds [0x00000000025a0000, 0x0000000002e40000, 0x00000000115a0000]
 total_blobs=2016 nmethods=1751 adapters=178
 compilation: enabled

Compilation events (10 events):
Event: 6.265 Thread 0x0000000014cc7000 nmethod 1767 0x0000000002dd2990 code [0x0000000002dd2ae0, 0x0000000002dd2be8]
Event: 6.265 Thread 0x0000000014cc7000 1755       4       com.android.dx.util.MutabilityControl::throwIfMutable (18 bytes)
Event: 6.265 Thread 0x0000000014cc7000 nmethod 1755 0x0000000002ccf310 code [0x0000000002ccf440, 0x0000000002ccf4b8]
Event: 6.265 Thread 0x0000000014cc7000 1754       4       com.android.dx.rop.code.RegisterSpec::getType (10 bytes)
Event: 6.266 Thread 0x0000000014cc7000 nmethod 1754 0x0000000002daec90 code [0x0000000002daedc0, 0x0000000002daee38]
Event: 6.266 Thread 0x0000000014cc7000 1757       4       com.android.dx.cf.code.Simulator$SimVisitor::visitConstant (332 bytes)
Event: 6.592 Thread 0x0000000014cc7000 nmethod 1757 0x0000000002e075d0 code [0x0000000002e07ee0, 0x0000000002e11ef0]
Event: 6.597 Thread 0x0000000014c6b800 nmethod 1744 0x0000000002e1f6d0 code [0x0000000002e20f60, 0x0000000002e2b538]
Event: 6.682 Thread 0x0000000014cc7000 1768       4       com.android.dx.ssa.SCCP::simulateBranch (666 bytes)
Event: 6.691 Thread 0x0000000014c6b800 1769 %     4       com.android.dx.ssa.SCCP::run @ 93 (298 bytes)

GC Heap History (4 events):
Event: 2.252 GC heap before
{Heap before GC invocations=1 (full 0):
 PSYoungGen      total 38400K, used 33280K [0x00000000eab00000, 0x00000000ed580000, 0x0000000100000000)
  eden space 33280K, 100% used [0x00000000eab00000,0x00000000ecb80000,0x00000000ecb80000)
  from space 5120K, 0% used [0x00000000ed080000,0x00000000ed080000,0x00000000ed580000)
  to   space 5120K, 0% used [0x00000000ecb80000,0x00000000ecb80000,0x00000000ed080000)
 ParOldGen       total 87552K, used 0K [0x00000000c0000000, 0x00000000c5580000, 0x00000000eab00000)
  object space 87552K, 0% used [0x00000000c0000000,0x00000000c0000000,0x00000000c5580000)
 Metaspace       used 5659K, capacity 6896K, committed 7040K, reserved 1056768K
  class space    used 547K, capacity 616K, committed 640K, reserved 1048576K
Event: 2.322 GC heap after
Heap after GC invocations=1 (full 0):
 PSYoungGen      total 38400K, used 5104K [0x00000000eab00000, 0x00000000ef600000, 0x0000000100000000)
  eden space 33280K, 0% used [0x00000000eab00000,0x00000000eab00000,0x00000000ecb80000)
  from space 5120K, 99% used [0x00000000ecb80000,0x00000000ed07c178,0x00000000ed080000)
  to   space 5120K, 0% used [0x00000000ef100000,0x00000000ef100000,0x00000000ef600000)
 ParOldGen       total 87552K, used 1839K [0x00000000c0000000, 0x00000000c5580000, 0x00000000eab00000)
  object space 87552K, 2% used [0x00000000c0000000,0x00000000c01cbfd8,0x00000000c5580000)
 Metaspace       used 5659K, capacity 6896K, committed 7040K, reserved 1056768K
  class space    used 547K, capacity 616K, committed 640K, reserved 1048576K
}
Event: 4.081 GC heap before
{Heap before GC invocations=2 (full 0):
 PSYoungGen      total 38400K, used 38384K [0x00000000eab00000, 0x00000000ef600000, 0x0000000100000000)
  eden space 33280K, 100% used [0x00000000eab00000,0x00000000ecb80000,0x00000000ecb80000)
  from space 5120K, 99% used [0x00000000ecb80000,0x00000000ed07c178,0x00000000ed080000)
  to   space 5120K, 0% used [0x00000000ef100000,0x00000000ef100000,0x00000000ef600000)
 ParOldGen       total 87552K, used 1839K [0x00000000c0000000, 0x00000000c5580000, 0x00000000eab00000)
  object space 87552K, 2% used [0x00000000c0000000,0x00000000c01cbfd8,0x00000000c5580000)
 Metaspace       used 5799K, capacity 7024K, committed 7296K, reserved 1056768K
  class space    used 549K, capacity 616K, committed 640K, reserved 1048576K
Event: 4.443 GC heap after
Heap after GC invocations=2 (full 0):
 PSYoungGen      total 71680K, used 5095K [0x00000000eab00000, 0x00000000ef600000, 0x0000000100000000)
  eden space 66560K, 0% used [0x00000000eab00000,0x00000000eab00000,0x00000000eec00000)
  from space 5120K, 99% used [0x00000000ef100000,0x00000000ef5f9c78,0x00000000ef600000)
  to   space 5120K, 0% used [0x00000000eec00000,0x00000000eec00000,0x00000000ef100000)
 ParOldGen       total 87552K, used 7020K [0x00000000c0000000, 0x00000000c5580000, 0x00000000eab00000)
  object space 87552K, 8% used [0x00000000c0000000,0x00000000c06db388,0x00000000c5580000)
 Metaspace       used 5799K, capacity 7024K, committed 7296K, reserved 1056768K
  class space    used 549K, capacity 616K, committed 640K, reserved 1048576K
}

Deoptimization events (10 events):
Event: 5.633 Thread 0x00000000024a0800 Uncommon trap: reason=class_check action=maybe_recompile pc=0x0000000002c8bdd4 method=com.android.dx.rop.cst.CstLiteral32.equals(Ljava/lang/Object;)Z @ 20
Event: 5.633 Thread 0x00000000024a0800 Uncommon trap: reason=class_check action=maybe_recompile pc=0x0000000002c8bdd4 method=com.android.dx.rop.cst.CstLiteral32.equals(Ljava/lang/Object;)Z @ 20
Event: 5.634 Thread 0x00000000024a0800 Uncommon trap: reason=class_check action=maybe_recompile pc=0x0000000002c8bdd4 method=com.android.dx.rop.cst.CstLiteral32.equals(Ljava/lang/Object;)Z @ 20
Event: 5.634 Thread 0x00000000024a0800 Uncommon trap: reason=class_check action=maybe_recompile pc=0x0000000002c8bdd4 method=com.android.dx.rop.cst.CstLiteral32.equals(Ljava/lang/Object;)Z @ 20
Event: 5.873 Thread 0x00000000024a0800 Uncommon trap: reason=bimorphic action=maybe_recompile pc=0x0000000002a81fe8 method=java.util.HashMap.getNode(ILjava/lang/Object;)Ljava/util/HashMap$Node; @ 126
Event: 5.873 Thread 0x00000000024a0800 Uncommon trap: reason=class_check action=maybe_recompile pc=0x0000000002a77f7c method=java.util.HashMap.putVal(ILjava/lang/Object;Ljava/lang/Object;ZZ)Ljava/lang/Object; @ 203
Event: 5.873 Thread 0x00000000024a0800 Uncommon trap: reason=class_check action=maybe_recompile pc=0x0000000002a77f7c method=java.util.HashMap.putVal(ILjava/lang/Object;Ljava/lang/Object;ZZ)Ljava/lang/Object; @ 203
Event: 5.875 Thread 0x00000000024a0800 Uncommon trap: reason=unstable_if action=reinterpret pc=0x0000000002c19374 method=com.android.dx.rop.code.BasicBlockList.preferredSuccessorOf(Lcom/android/dx/rop/code/BasicBlock;)Lcom/android/dx/rop/code/BasicBlock; @ 58
Event: 5.876 Thread 0x00000000024a0800 Uncommon trap: reason=class_check action=maybe_recompile pc=0x0000000002d9fb54 method=com.android.dx.cf.code.RopperMachine.run(Lcom/android/dx/cf/code/Frame;II)V @ 1024
Event: 5.961 Thread 0x00000000024a0800 Uncommon trap: reason=unstable_if action=reinterpret pc=0x0000000002b3d2e4 method=com.android.dx.ssa.LiteralOpUpgrader$1.visitNonMoveInsn(Lcom/android/dx/ssa/NormalSsaInsn;)V @ 55

Internal exceptions (3 events):
Event: 0.653 Thread 0x00000000024a0800 Exception <a 'java/lang/NoSuchMethodError': Method sun.misc.Unsafe.defineClass(Ljava/lang/String;[BII)Ljava/lang/Class; name or signature does not match> (0x00000000eab0d5d0) thrown at [C:\re\workspace\8-2-build-windows-amd64-cygwin\jdk8u45\3627\hotspot\sr‹mLØ„‰?
Event: 0.653 Thread 0x00000000024a0800 Exception <a 'java/lang/NoSuchMethodError': Method sun.misc.Unsafe.prefetchRead(Ljava/lang/Object;J)V name or signature does not match> (0x00000000eab0d860) thrown at [C:\re\workspace\8-2-build-windows-amd64-cygwin\jdk8u45\3627\hotspot\src\share\vm\prims\jŒúÅ|û˝?
Event: 1.851 Thread 0x00000000024a0800 Implicit null exception at 0x00000000029b9a62 to 0x00000000029b9b52

Events (10 events):
Event: 5.876 Thread 0x00000000024a0800 DEOPT UNPACKING pc=0x00000000025e582a sp=0x00000000023cdf08 mode 2
Event: 5.961 Thread 0x00000000024a0800 Uncommon trap: trap_request=0xffffff65 fr.pc=0x0000000002b3d2e4
Event: 5.961 Thread 0x00000000024a0800 DEOPT PACKING pc=0x0000000002b3d2e4 sp=0x00000000023ce4c0
Event: 5.961 Thread 0x00000000024a0800 DEOPT UNPACKING pc=0x00000000025e582a sp=0x00000000023ce4a0 mode 2
Event: 5.961 loading class com/android/dx/rop/code/RegOps
Event: 5.961 loading class com/android/dx/rop/code/RegOps done
Event: 5.971 Thread 0x00000000024a0800 DEOPT PACKING pc=0x0000000002a23728 sp=0x00000000023ce510
Event: 5.971 Thread 0x00000000024a0800 DEOPT UNPACKING pc=0x00000000025e787f sp=0x00000000023ce270 mode 0
Event: 6.210 Thread 0x00000000024a0800 DEOPT PACKING pc=0x0000000002a0374a sp=0x00000000023ce360
Event: 6.210 Thread 0x00000000024a0800 DEOPT UNPACKING pc=0x00000000025e787f sp=0x00000000023ce1a0 mode 0


Dynamic libraries:
0x00007ff760cc0000 - 0x00007ff760cf7000 	C:\Program Files\Java\jdk1.8.0_45\bin\java.exe
0x00007ffb37510000 - 0x00007ffb376bc000 	C:\WINDOWS\SYSTEM32\ntdll.dll
0x00007ffb373d0000 - 0x00007ffb3750e000 	C:\WINDOWS\system32\KERNEL32.DLL
0x00007ffb349c0000 - 0x00007ffb34ad5000 	C:\WINDOWS\system32\KERNELBASE.dll
0x00007ffb33200000 - 0x00007ffb3328e000 	C:\WINDOWS\system32\apphelp.dll
0x00007ffb2b1c0000 - 0x00007ffb2b213000 	C:\WINDOWS\AppPatch\AppPatch64\AcGenral.DLL
0x00007ffb35c80000 - 0x00007ffb35d2a000 	C:\WINDOWS\system32\msvcrt.dll
0x00007ffb34500000 - 0x00007ffb3452e000 	C:\WINDOWS\SYSTEM32\SspiCli.dll
0x00007ffb352e0000 - 0x00007ffb35334000 	C:\WINDOWS\system32\SHLWAPI.dll
0x00007ffb35b00000 - 0x00007ffb35c77000 	C:\WINDOWS\system32\USER32.dll
0x00007ffb35620000 - 0x00007ffb357b4000 	C:\WINDOWS\system32\ole32.dll
0x00007ffb35d30000 - 0x00007ffb37248000 	C:\WINDOWS\system32\SHELL32.dll
0x00007ffb33c80000 - 0x00007ffb33ca1000 	C:\WINDOWS\SYSTEM32\USERENV.dll
0x00007ffb35340000 - 0x00007ffb353ea000 	C:\WINDOWS\system32\ADVAPI32.dll
0x00007ffb27e80000 - 0x00007ffb27e9e000 	C:\WINDOWS\SYSTEM32\MPR.dll
0x00007ffb34b90000 - 0x00007ffb34cd1000 	C:\WINDOWS\system32\RPCRT4.dll
0x00007ffb37300000 - 0x00007ffb37359000 	C:\WINDOWS\SYSTEM32\sechost.dll
0x00007ffb353f0000 - 0x00007ffb35601000 	C:\WINDOWS\SYSTEM32\combase.dll
0x00007ffb34e70000 - 0x00007ffb34fc1000 	C:\WINDOWS\system32\GDI32.dll
0x00007ffb34660000 - 0x00007ffb34675000 	C:\WINDOWS\SYSTEM32\profapi.dll
0x00007ffb32bb0000 - 0x00007ffb32c62000 	C:\WINDOWS\SYSTEM32\SHCORE.dll
0x00007ffb37250000 - 0x00007ffb37286000 	C:\WINDOWS\system32\IMM32.DLL
0x00007ffb34fd0000 - 0x00007ffb35121000 	C:\WINDOWS\system32\MSCTF.dll
0x00007ffb32080000 - 0x00007ffb322fb000 	C:\WINDOWS\WinSxS\amd64_microsoft.windows.common-controls_6595b64144ccf1df_6.0.9600.17784_none_624760d1ecb7236e\COMCTL32.dll
0x000000005f310000 - 0x000000005f3e2000 	C:\Program Files\Java\jdk1.8.0_45\jre\bin\msvcr100.dll
0x000000005f790000 - 0x0000000060013000 	C:\Program Files\Java\jdk1.8.0_45\jre\bin\server\jvm.dll
0x00007ffb31ae0000 - 0x00007ffb31ae9000 	C:\WINDOWS\SYSTEM32\WSOCK32.dll
0x00007ffb2d9d0000 - 0x00007ffb2d9f2000 	C:\WINDOWS\SYSTEM32\WINMM.dll
0x00007ffb31eb0000 - 0x00007ffb31eba000 	C:\WINDOWS\SYSTEM32\VERSION.dll
0x00007ffb357c0000 - 0x00007ffb357c7000 	C:\WINDOWS\system32\PSAPI.DLL
0x00007ffb37370000 - 0x00007ffb373ca000 	C:\WINDOWS\system32\WS2_32.dll
0x00007ffb2d9a0000 - 0x00007ffb2d9ca000 	C:\WINDOWS\SYSTEM32\WINMMBASE.dll
0x00007ffb35610000 - 0x00007ffb35619000 	C:\WINDOWS\system32\NSI.dll
0x00007ffb34b40000 - 0x00007ffb34b8f000 	C:\WINDOWS\SYSTEM32\cfgmgr32.dll
0x00007ffb33470000 - 0x00007ffb33498000 	C:\WINDOWS\SYSTEM32\DEVOBJ.dll
0x000000005f780000 - 0x000000005f78f000 	C:\Program Files\Java\jdk1.8.0_45\jre\bin\verify.dll
0x000000005f750000 - 0x000000005f779000 	C:\Program Files\Java\jdk1.8.0_45\jre\bin\java.dll
0x000000005f730000 - 0x000000005f746000 	C:\Program Files\Java\jdk1.8.0_45\jre\bin\zip.dll

VM Arguments:
jvm_args: -Xmx1024M -Dfile.encoding=windows-1252 -Duser.country=US -Duser.language=en -Duser.variant 
java_command: com.android.dx.command.Main --dex --output C:\Users\Slee\Documents\DoSomething\app\build\intermediates\pre-dexed\debug\classes-dc06c332c1b0f8c27b06759b948f2cbbabc4963f.jar C:\Users\Slee\Documents\DoSomething\app\build\intermediates\exploded-aar\com.google.android.gms\play-services-analytics\7.3.0\classes.jar
java_class_path (initial): C:\Users\Slee\AppData\Local\Android\sdk\build-tools\22.0.1\lib\dx.jar
Launcher Type: SUN_STANDARD

Environment Variables:
PATH=C:\ProgramData\Oracle\Java\javapath;C:\Program Files (x86)\NVIDIA Corporation\PhysX\Common;C:\Program Files (x86)\AMD APP\bin\x86_64;C:\Program Files (x86)\AMD APP\bin\x86;C:\WINDOWS\system32;C:\WINDOWS;C:\WINDOWS\System32\Wbem;C:\WINDOWS\System32\WindowsPowerShell\v1.0\;C:\Program Files (x86)\ATI Technologies\ATI.ACE\Core-Static;C:\Program Files\TortoiseSVN\bin;C:\Program Files (x86)\Microsoft SQL Server\100\Tools\Binn\;C:\Program Files\Microsoft SQL Server\100\Tools\Binn\;C:\Program Files\Microsoft SQL Server\100\DTS\Binn\;c:\Program Files (x86)\Microsoft SQL Server\110\Tools\Binn\ManagementStudio\;c:\Program Files (x86)\Microsoft SQL Server\110\Tools\Binn\;c:\Program Files (x86)\Microsoft SQL Server\110\DTS\Binn\;C:\Program Files (x86)\Windows Kits\8.1\Windows Performance Toolkit\;C:\Program Files\Microsoft SQL Server\110\Tools\Binn\;C:\Program Files\Microsoft\Web Platform Installer\;C:\Program Files (x86)\QuickTime\QTSystem\;
USERNAME=Slee
OS=Windows_NT
PROCESSOR_IDENTIFIER=Intel64 Family 6 Model 58 Stepping 9, GenuineIntel



---------------  S Y S T E M  ---------------

OS: Windows 8.1 , 64 bit Build 9600 (6.3.9600.17415)

CPU:total 4 (4 cores per cpu, 1 threads per core) family 6 model 58 stepping 9, cmov, cx8, fxsr, mmx, sse, sse2, sse3, ssse3, sse4.1, sse4.2, popcnt, avx, aes, clmul, erms, tsc, tscinvbit, tscinv

Memory: 4k page, physical 8339160k(1013116k free), swap 11484888k(5080k free)

vm_info: Java HotSpot(TM) 64-Bit Server VM (25.45-b02) for windows-amd64 JRE (1.8.0_45-b15), built on Apr 30 2015 12:40:44 by "java_re" with MS VC++ 10.0 (VS2010)

time: Tue Jun 02 23:00:58 2015
elapsed time: 6 seconds (0d 0h 0m 6s)

