#
# There is insufficient memory for the Java Runtime Environment to continue.
# Native memory allocation (malloc) failed to allocate 1053856 bytes for Chunk::new
# Possible reasons:
#   The system is out of physical RAM or swap space
#   In 32 bit mode, the process size limit was hit
# Possible solutions:
#   Reduce memory load on the system
#   Increase physical memory or swap space
#   Check if swap backing store is full
#   Use 64 bit Java on a 64 bit OS
#   Decrease Java heap size (-Xmx/-Xms)
#   Decrease number of Java threads
#   Decrease Java thread stack sizes (-Xss)
#   Set larger code cache with -XX:ReservedCodeCacheSize=
# This output file may be truncated or incomplete.
#
#  Out of Memory Error (allocation.cpp:390), pid=4008, tid=8100
#
# JRE version: Java(TM) SE Runtime Environment (8.0_45-b15) (build 1.8.0_45-b15)
# Java VM: Java HotSpot(TM) 64-Bit Server VM (25.45-b02 mixed mode windows-amd64 compressed oops)
# Failed to write core dump. Minidumps are not enabled by default on client versions of Windows
#

---------------  T H R E A D  ---------------

Current thread (0x0000000014cea800):  JavaThread "C2 CompilerThread0" daemon [_thread_in_native, id=8100, stack(0x0000000016240000,0x0000000016340000)]

Stack: [0x0000000016240000,0x0000000016340000]
Native frames: (J=compiled Java code, j=interpreted, Vv=VM code, C=native code)
V  [jvm.dll+0x32b57a]
V  [jvm.dll+0x279873]
V  [jvm.dll+0x27a509]
V  [jvm.dll+0x271825]
V  [jvm.dll+0xcb9e2]
V  [jvm.dll+0xcbeac]
V  [jvm.dll+0x476ef2]
V  [jvm.dll+0x4b955f]
V  [jvm.dll+0x46bf81]
V  [jvm.dll+0x46ccbe]
V  [jvm.dll+0x4500f2]
V  [jvm.dll+0xa4352]
V  [jvm.dll+0xa4c8f]
V  [jvm.dll+0x241984]
V  [jvm.dll+0x29853a]
C  [msvcr100.dll+0x21d9f]
C  [msvcr100.dll+0x21e3b]
C  [KERNEL32.DLL+0x13d2]
C  [ntdll.dll+0x15444]


Current CompileTask:
C2:   6817 1727       4       com.android.dx.ssa.SsaConverter::placePhiFunctions (394 bytes)


---------------  P R O C E S S  ---------------

Java Threads: ( => current thread )
  0x0000000016545800 JavaThread "Service Thread" daemon [_thread_blocked, id=9048, stack(0x0000000016940000,0x0000000016a40000)]
  0x0000000014d49000 JavaThread "C1 CompilerThread2" daemon [_thread_blocked, id=10136, stack(0x0000000016440000,0x0000000016540000)]
  0x0000000014d46000 JavaThread "C2 CompilerThread1" daemon [_thread_in_native, id=4232, stack(0x0000000016340000,0x0000000016440000)]
=>0x0000000014cea800 JavaThread "C2 CompilerThread0" daemon [_thread_in_native, id=8100, stack(0x0000000016240000,0x0000000016340000)]
  0x0000000014ce8800 JavaThread "Attach Listener" daemon [_thread_blocked, id=10104, stack(0x0000000016140000,0x0000000016240000)]
  0x0000000014ce7800 JavaThread "Signal Dispatcher" daemon [_thread_blocked, id=4608, stack(0x0000000016040000,0x0000000016140000)]
  0x0000000002616000 JavaThread "Finalizer" daemon [_thread_blocked, id=7608, stack(0x0000000015f40000,0x0000000016040000)]
  0x000000000260d000 JavaThread "Reference Handler" daemon [_thread_blocked, id=10012, stack(0x0000000015e40000,0x0000000015f40000)]
  0x0000000002520800 JavaThread "main" [_thread_in_Java, id=5724, stack(0x0000000002410000,0x0000000002510000)]

Other Threads:
  0x0000000014cb7800 VMThread [stack: 0x0000000015d40000,0x0000000015e40000] [id=10028]
  0x0000000016546800 WatcherThread [stack: 0x0000000016a40000,0x0000000016b40000] [id=2576]

VM state:not at safepoint (normal execution)

VM Mutex/Monitor currently owned by a thread: None

Heap:
 PSYoungGen      total 71680K, used 22831K [0x00000000eab00000, 0x00000000ef600000, 0x0000000100000000)
  eden space 66560K, 26% used [0x00000000eab00000,0x00000000ebc4fd68,0x00000000eec00000)
  from space 5120K, 99% used [0x00000000ef100000,0x00000000ef5fc038,0x00000000ef600000)
  to   space 5120K, 0% used [0x00000000eec00000,0x00000000eec00000,0x00000000ef100000)
 ParOldGen       total 87552K, used 7101K [0x00000000c0000000, 0x00000000c5580000, 0x00000000eab00000)
  object space 87552K, 8% used [0x00000000c0000000,0x00000000c06ef660,0x00000000c5580000)
 Metaspace       used 5847K, capacity 7088K, committed 7296K, reserved 1056768K
  class space    used 551K, capacity 616K, committed 640K, reserved 1048576K

Card table byte_map: [0x00000000119e0000,0x0000000011bf0000] byte_map_base: 0x00000000113e0000

Marking Bits: (ParMarkBitMap*) 0x000000005ff94040
 Begin Bits: [0x0000000012150000, 0x0000000013150000)
 End Bits:   [0x0000000013150000, 0x0000000014150000)

Polling page: 0x0000000002380000

CodeCache: size=245760Kb used=7908Kb max_used=7928Kb free=237851Kb
 bounds [0x0000000002620000, 0x0000000002df0000, 0x0000000011620000]
 total_blobs=1995 nmethods=1730 adapters=178
 compilation: enabled

Compilation events (10 events):
Event: 6.707 Thread 0x0000000014cea800 nmethod 1724 0x0000000002dd52d0 code [0x0000000002dd5520, 0x0000000002dd6e38]
Event: 6.707 Thread 0x0000000014cea800 1727       4       com.android.dx.ssa.SsaConverter::placePhiFunctions (394 bytes)
Event: 6.738 Thread 0x0000000014d46000 nmethod 1726 0x0000000002dd9150 code [0x0000000002dd93e0, 0x0000000002ddb610]
Event: 6.738 Thread 0x0000000014d46000 1728       4       com.android.dx.ssa.SsaMethod::forEachBlockDepthFirstDom (128 bytes)
Event: 6.758 Thread 0x0000000014d46000 nmethod 1728 0x0000000002ddec90 code [0x0000000002ddeea0, 0x0000000002ddfcc8]
Event: 6.759 Thread 0x0000000014d46000 1729       4       com.android.dx.ssa.back.FirstFitLocalCombiningAllocator::handleNormalUnassociated (99 bytes)
Event: 6.765 Thread 0x0000000014d49000 1730       3       com.android.dx.dex.code.RopTranslator$TranslationVisitor::visitThrowingInsn (118 bytes)
Event: 6.766 Thread 0x0000000014d49000 nmethod 1730 0x0000000002d82150 code [0x0000000002d82460, 0x0000000002d83d68]
Event: 6.768 Thread 0x0000000014d49000 1731       1       com.android.dx.cf.attrib.AttInnerClasses::getInnerClasses (5 bytes)
Event: 6.768 Thread 0x0000000014d49000 nmethod 1731 0x0000000002d90cd0 code [0x0000000002d90e20, 0x0000000002d90f30]

GC Heap History (4 events):
Event: 3.748 GC heap before
{Heap before GC invocations=1 (full 0):
 PSYoungGen      total 38400K, used 33280K [0x00000000eab00000, 0x00000000ed580000, 0x0000000100000000)
  eden space 33280K, 100% used [0x00000000eab00000,0x00000000ecb80000,0x00000000ecb80000)
  from space 5120K, 0% used [0x00000000ed080000,0x00000000ed080000,0x00000000ed580000)
  to   space 5120K, 0% used [0x00000000ecb80000,0x00000000ecb80000,0x00000000ed080000)
 ParOldGen       total 87552K, used 0K [0x00000000c0000000, 0x00000000c5580000, 0x00000000eab00000)
  object space 87552K, 0% used [0x00000000c0000000,0x00000000c0000000,0x00000000c5580000)
 Metaspace       used 5711K, capacity 6960K, committed 7040K, reserved 1056768K
  class space    used 551K, capacity 616K, committed 640K, reserved 1048576K
Event: 3.969 GC heap after
Heap after GC invocations=1 (full 0):
 PSYoungGen      total 38400K, used 5098K [0x00000000eab00000, 0x00000000ef600000, 0x0000000100000000)
  eden space 33280K, 0% used [0x00000000eab00000,0x00000000eab00000,0x00000000ecb80000)
  from space 5120K, 99% used [0x00000000ecb80000,0x00000000ed07aab8,0x00000000ed080000)
  to   space 5120K, 0% used [0x00000000ef100000,0x00000000ef100000,0x00000000ef600000)
 ParOldGen       total 87552K, used 2134K [0x00000000c0000000, 0x00000000c5580000, 0x00000000eab00000)
  object space 87552K, 2% used [0x00000000c0000000,0x00000000c02158b8,0x00000000c5580000)
 Metaspace       used 5711K, capacity 6960K, committed 7040K, reserved 1056768K
  class space    used 551K, capacity 616K, committed 640K, reserved 1048576K
}
Event: 5.992 GC heap before
{Heap before GC invocations=2 (full 0):
 PSYoungGen      total 38400K, used 38378K [0x00000000eab00000, 0x00000000ef600000, 0x0000000100000000)
  eden space 33280K, 100% used [0x00000000eab00000,0x00000000ecb80000,0x00000000ecb80000)
  from space 5120K, 99% used [0x00000000ecb80000,0x00000000ed07aab8,0x00000000ed080000)
  to   space 5120K, 0% used [0x00000000ef100000,0x00000000ef100000,0x00000000ef600000)
 ParOldGen       total 87552K, used 2134K [0x00000000c0000000, 0x00000000c5580000, 0x00000000eab00000)
  object space 87552K, 2% used [0x00000000c0000000,0x00000000c02158b8,0x00000000c5580000)
 Metaspace       used 5840K, capacity 7088K, committed 7296K, reserved 1056768K
  class space    used 551K, capacity 616K, committed 640K, reserved 1048576K
Event: 6.161 GC heap after
Heap after GC invocations=2 (full 0):
 PSYoungGen      total 71680K, used 5104K [0x00000000eab00000, 0x00000000ef600000, 0x0000000100000000)
  eden space 66560K, 0% used [0x00000000eab00000,0x00000000eab00000,0x00000000eec00000)
  from space 5120K, 99% used [0x00000000ef100000,0x00000000ef5fc038,0x00000000ef600000)
  to   space 5120K, 0% used [0x00000000eec00000,0x00000000eec00000,0x00000000ef100000)
 ParOldGen       total 87552K, used 7101K [0x00000000c0000000, 0x00000000c5580000, 0x00000000eab00000)
  object space 87552K, 8% used [0x00000000c0000000,0x00000000c06ef660,0x00000000c5580000)
 Metaspace       used 5840K, capacity 7088K, committed 7296K, reserved 1056768K
  class space    used 551K, capacity 616K, committed 640K, reserved 1048576K
}

Deoptimization events (10 events):
Event: 4.938 Thread 0x0000000002520800 Uncommon trap: reason=unstable_if action=reinterpret pc=0x0000000002c67278 method=com.android.dx.ssa.SsaMethod.blockIndexToRopLabel(I)I @ 1
Event: 4.964 Thread 0x0000000002520800 Uncommon trap: reason=bimorphic action=maybe_recompile pc=0x0000000002a7d9f8 method=java.util.HashMap.getNode(ILjava/lang/Object;)Ljava/util/HashMap$Node; @ 126
Event: 4.964 Thread 0x0000000002520800 Uncommon trap: reason=bimorphic action=maybe_recompile pc=0x0000000002b99f70 method=java.util.HashMap.putVal(ILjava/lang/Object;Ljava/lang/Object;ZZ)Ljava/lang/Object; @ 203
Event: 4.964 Thread 0x0000000002520800 Uncommon trap: reason=bimorphic action=maybe_recompile pc=0x0000000002a7d9f8 method=java.util.HashMap.getNode(ILjava/lang/Object;)Ljava/util/HashMap$Node; @ 126
Event: 5.168 Thread 0x0000000002520800 Uncommon trap: reason=unstable_if action=reinterpret pc=0x0000000002b24378 method=com.android.dx.ssa.SCCP.simulateStmt(Lcom/android/dx/ssa/SsaInsn;)V @ 53
Event: 5.170 Thread 0x0000000002520800 Uncommon trap: reason=bimorphic action=maybe_recompile pc=0x0000000002b9ea9c method=com.android.dx.ssa.LiteralOpUpgrader.tryReplacingWithConstant(Lcom/android/dx/ssa/NormalSsaInsn;)Z @ 52
Event: 5.170 Thread 0x0000000002520800 Uncommon trap: reason=unstable_if action=reinterpret pc=0x0000000002b9adb0 method=com.android.dx.ssa.LiteralOpUpgrader$1.visitNonMoveInsn(Lcom/android/dx/ssa/NormalSsaInsn;)V @ 24
Event: 6.191 Thread 0x0000000002520800 Uncommon trap: reason=unstable_if action=reinterpret pc=0x0000000002baad14 method=com.android.dx.ssa.SCCP.simulateBranch(Lcom/android/dx/ssa/SsaInsn;)V @ 548
Event: 6.244 Thread 0x0000000002520800 Uncommon trap: reason=bimorphic action=maybe_recompile pc=0x0000000002b9ea9c method=com.android.dx.ssa.LiteralOpUpgrader.tryReplacingWithConstant(Lcom/android/dx/ssa/NormalSsaInsn;)Z @ 52
Event: 6.244 Thread 0x0000000002520800 Uncommon trap: reason=unstable_if action=reinterpret pc=0x0000000002cbe53c method=com.android.dx.dex.code.RopToDop.dopFor(Lcom/android/dx/rop/code/Insn;)Lcom/android/dx/dex/code/Dop; @ 747

Internal exceptions (3 events):
Event: 0.565 Thread 0x0000000002520800 Exception <a 'java/lang/NoSuchMethodError': Method sun.misc.Unsafe.defineClass(Ljava/lang/String;[BII)Ljava/lang/Class; name or signature does not match> (0x00000000eab0d5c8) thrown at [C:\re\workspace\8-2-build-windows-amd64-cygwin\jdk8u45\3627\hotspot\srKL1âp‚?
Event: 0.565 Thread 0x0000000002520800 Exception <a 'java/lang/NoSuchMethodError': Method sun.misc.Unsafe.prefetchRead(Ljava/lang/Object;J)V name or signature does not match> (0x00000000eab0d858) thrown at [C:\re\workspace\8-2-build-windows-amd64-cygwin\jdk8u45\3627\hotspot\src\share\vm\prims\jÀ6ˇœèÕ@
Event: 4.701 Thread 0x0000000002520800 Implicit null exception at 0x0000000002b99362 to 0x0000000002b99452

Events (10 events):
Event: 6.191 Thread 0x0000000002520800 DEOPT PACKING pc=0x0000000002baad14 sp=0x000000000250e2a0
Event: 6.191 Thread 0x0000000002520800 DEOPT UNPACKING pc=0x000000000266582a sp=0x000000000250e278 mode 2
Event: 6.244 Thread 0x0000000002520800 Uncommon trap: trap_request=0xffffffc6 fr.pc=0x0000000002b9ea9c
Event: 6.244 Thread 0x0000000002520800 DEOPT PACKING pc=0x0000000002b9ea9c sp=0x000000000250e440
Event: 6.244 Thread 0x0000000002520800 DEOPT UNPACKING pc=0x000000000266582a sp=0x000000000250e3f0 mode 2
Event: 6.244 Thread 0x0000000002520800 Uncommon trap: trap_request=0xffffff65 fr.pc=0x0000000002cbe53c
Event: 6.244 Thread 0x0000000002520800 DEOPT PACKING pc=0x0000000002cbe53c sp=0x000000000250e3c0
Event: 6.244 Thread 0x0000000002520800 DEOPT UNPACKING pc=0x000000000266582a sp=0x000000000250e360 mode 2
Event: 6.709 Thread 0x0000000002520800 DEOPT PACKING pc=0x0000000002a92e49 sp=0x000000000250e450
Event: 6.738 Thread 0x0000000002520800 DEOPT UNPACKING pc=0x000000000266787f sp=0x000000000250e280 mode 0


Dynamic libraries:
0x00007ff760cc0000 - 0x00007ff760cf7000 	C:\Program Files\Java\jdk1.8.0_45\bin\java.exe
0x00007ffb37510000 - 0x00007ffb376bc000 	C:\WINDOWS\SYSTEM32\ntdll.dll
0x00007ffb373d0000 - 0x00007ffb3750e000 	C:\WINDOWS\system32\KERNEL32.DLL
0x00007ffb349c0000 - 0x00007ffb34ad5000 	C:\WINDOWS\system32\KERNELBASE.dll
0x00007ffb33200000 - 0x00007ffb3328e000 	C:\WINDOWS\system32\apphelp.dll
0x00007ffb2b1c0000 - 0x00007ffb2b213000 	C:\WINDOWS\AppPatch\AppPatch64\AcGenral.DLL
0x00007ffb35c80000 - 0x00007ffb35d2a000 	C:\WINDOWS\system32\msvcrt.dll
0x00007ffb34500000 - 0x00007ffb3452e000 	C:\WINDOWS\SYSTEM32\SspiCli.dll
0x00007ffb352e0000 - 0x00007ffb35334000 	C:\WINDOWS\system32\SHLWAPI.dll
0x00007ffb35b00000 - 0x00007ffb35c77000 	C:\WINDOWS\system32\USER32.dll
0x00007ffb35620000 - 0x00007ffb357b4000 	C:\WINDOWS\system32\ole32.dll
0x00007ffb35d30000 - 0x00007ffb37248000 	C:\WINDOWS\system32\SHELL32.dll
0x00007ffb33c80000 - 0x00007ffb33ca1000 	C:\WINDOWS\SYSTEM32\USERENV.dll
0x00007ffb35340000 - 0x00007ffb353ea000 	C:\WINDOWS\system32\ADVAPI32.dll
0x00007ffb27e80000 - 0x00007ffb27e9e000 	C:\WINDOWS\SYSTEM32\MPR.dll
0x00007ffb34b90000 - 0x00007ffb34cd1000 	C:\WINDOWS\system32\RPCRT4.dll
0x00007ffb37300000 - 0x00007ffb37359000 	C:\WINDOWS\SYSTEM32\sechost.dll
0x00007ffb353f0000 - 0x00007ffb35601000 	C:\WINDOWS\SYSTEM32\combase.dll
0x00007ffb34e70000 - 0x00007ffb34fc1000 	C:\WINDOWS\system32\GDI32.dll
0x00007ffb34660000 - 0x00007ffb34675000 	C:\WINDOWS\SYSTEM32\profapi.dll
0x00007ffb32bb0000 - 0x00007ffb32c62000 	C:\WINDOWS\SYSTEM32\SHCORE.dll
0x00007ffb37250000 - 0x00007ffb37286000 	C:\WINDOWS\system32\IMM32.DLL
0x00007ffb34fd0000 - 0x00007ffb35121000 	C:\WINDOWS\system32\MSCTF.dll
0x00007ffb32080000 - 0x00007ffb322fb000 	C:\WINDOWS\WinSxS\amd64_microsoft.windows.common-controls_6595b64144ccf1df_6.0.9600.17784_none_624760d1ecb7236e\COMCTL32.dll
0x000000005f310000 - 0x000000005f3e2000 	C:\Program Files\Java\jdk1.8.0_45\jre\bin\msvcr100.dll
0x000000005f790000 - 0x0000000060013000 	C:\Program Files\Java\jdk1.8.0_45\jre\bin\server\jvm.dll
0x00007ffb31ae0000 - 0x00007ffb31ae9000 	C:\WINDOWS\SYSTEM32\WSOCK32.dll
0x00007ffb2d9d0000 - 0x00007ffb2d9f2000 	C:\WINDOWS\SYSTEM32\WINMM.dll
0x00007ffb31eb0000 - 0x00007ffb31eba000 	C:\WINDOWS\SYSTEM32\VERSION.dll
0x00007ffb357c0000 - 0x00007ffb357c7000 	C:\WINDOWS\system32\PSAPI.DLL
0x00007ffb37370000 - 0x00007ffb373ca000 	C:\WINDOWS\system32\WS2_32.dll
0x00007ffb2d9a0000 - 0x00007ffb2d9ca000 	C:\WINDOWS\SYSTEM32\WINMMBASE.dll
0x00007ffb35610000 - 0x00007ffb35619000 	C:\WINDOWS\system32\NSI.dll
0x00007ffb34b40000 - 0x00007ffb34b8f000 	C:\WINDOWS\SYSTEM32\cfgmgr32.dll
0x00007ffb33470000 - 0x00007ffb33498000 	C:\WINDOWS\SYSTEM32\DEVOBJ.dll
0x000000005f780000 - 0x000000005f78f000 	C:\Program Files\Java\jdk1.8.0_45\jre\bin\verify.dll
0x000000005f750000 - 0x000000005f779000 	C:\Program Files\Java\jdk1.8.0_45\jre\bin\java.dll
0x000000005f730000 - 0x000000005f746000 	C:\Program Files\Java\jdk1.8.0_45\jre\bin\zip.dll
0x00007ffb26de0000 - 0x00007ffb26f6a000 	C:\WINDOWS\SYSTEM32\dbghelp.dll

VM Arguments:
jvm_args: -Xmx1024M -Dfile.encoding=windows-1252 -Duser.country=US -Duser.language=en -Duser.variant 
java_command: com.android.dx.command.Main --dex --output C:\Users\Slee\Documents\DoSomething\app\build\intermediates\pre-dexed\debug\classes-be246681da3db084e1a367a542357044233372de.jar C:\Users\Slee\Documents\DoSomething\app\build\intermediates\exploded-aar\com.google.android.gms\play-services-location\7.3.0\classes.jar
java_class_path (initial): C:\Users\Slee\AppData\Local\Android\sdk\build-tools\22.0.1\lib\dx.jar
Launcher Type: SUN_STANDARD

Environment Variables:
PATH=C:\ProgramData\Oracle\Java\javapath;C:\Program Files (x86)\NVIDIA Corporation\PhysX\Common;C:\Program Files (x86)\AMD APP\bin\x86_64;C:\Program Files (x86)\AMD APP\bin\x86;C:\WINDOWS\system32;C:\WINDOWS;C:\WINDOWS\System32\Wbem;C:\WINDOWS\System32\WindowsPowerShell\v1.0\;C:\Program Files (x86)\ATI Technologies\ATI.ACE\Core-Static;C:\Program Files\TortoiseSVN\bin;C:\Program Files (x86)\Microsoft SQL Server\100\Tools\Binn\;C:\Program Files\Microsoft SQL Server\100\Tools\Binn\;C:\Program Files\Microsoft SQL Server\100\DTS\Binn\;c:\Program Files (x86)\Microsoft SQL Server\110\Tools\Binn\ManagementStudio\;c:\Program Files (x86)\Microsoft SQL Server\110\Tools\Binn\;c:\Program Files (x86)\Microsoft SQL Server\110\DTS\Binn\;C:\Program Files (x86)\Windows Kits\8.1\Windows Performance Toolkit\;C:\Program Files\Microsoft SQL Server\110\Tools\Binn\;C:\Program Files\Microsoft\Web Platform Installer\;C:\Program Files (x86)\QuickTime\QTSystem\;
USERNAME=Slee
OS=Windows_NT
PROCESSOR_IDENTIFIER=Intel64 Family 6 Model 58 Stepping 9, GenuineIntel



---------------  S Y S T E M  ---------------

OS: Windows 8.1 , 64 bit Build 9600 (6.3.9600.17415)

CPU:total 4 (4 cores per cpu, 1 threads per core) family 6 model 58 stepping 9, cmov, cx8, fxsr, mmx, sse, sse2, sse3, ssse3, sse4.1, sse4.2, popcnt, avx, aes, clmul, erms, tsc, tscinvbit, tscinv

Memory: 4k page, physical 8339160k(1020336k free), swap 11484888k(7456k free)

vm_info: Java HotSpot(TM) 64-Bit Server VM (25.45-b02) for windows-amd64 JRE (1.8.0_45-b15), built on Apr 30 2015 12:40:44 by "java_re" with MS VC++ 10.0 (VS2010)

time: Tue Jun 02 23:00:58 2015
elapsed time: 6 seconds (0d 0h 0m 6s)

